\BOOKMARK [1][-]{section.1}{\376\377\000M\000Y\000\040\000C\000O\000N\000T\000R\000I\000B\000U\000T\000I\000O\000N}{}% 1
\BOOKMARK [2][-]{subsection.1.1}{\376\377\000O\000v\000e\000r\000v\000i\000e\000w}{section.1}% 2
\BOOKMARK [2][-]{subsection.1.2}{\376\377\000D\000a\000t\000a\000s\000e\000t\000\040\000A\000c\000q\000u\000i\000s\000i\000t\000i\000o\000n}{section.1}% 3
\BOOKMARK [2][-]{subsection.1.3}{\376\377\000U\000n\000d\000e\000r\000s\000t\000a\000n\000d\000i\000n\000g\000\040\000M\000e\000d\000i\000c\000a\000l\000\040\000A\000t\000t\000r\000i\000b\000u\000t\000e\000s}{section.1}% 4
\BOOKMARK [3][-]{subsubsection.1.3.1}{\376\377\000G\000e\000o\000m\000e\000t\000r\000i\000c\000\040\000F\000e\000a\000t\000u\000r\000e\000s}{subsection.1.3}% 5
\BOOKMARK [3][-]{subsubsection.1.3.2}{\376\377\000T\000e\000x\000t\000u\000r\000e\000\040\000F\000e\000a\000t\000u\000r\000e\000s}{subsection.1.3}% 6
\BOOKMARK [3][-]{subsubsection.1.3.3}{\376\377\000S\000h\000a\000p\000e\000\040\000F\000e\000a\000t\000u\000r\000e\000s}{subsection.1.3}% 7
\BOOKMARK [2][-]{subsection.1.4}{\376\377\000D\000a\000t\000a\000s\000e\000t\000\040\000C\000h\000a\000r\000a\000c\000t\000e\000r\000i\000z\000a\000t\000i\000o\000n}{section.1}% 8
\BOOKMARK [2][-]{subsection.1.5}{\376\377\000I\000n\000i\000t\000i\000a\000l\000\040\000D\000a\000t\000a\000\040\000C\000l\000e\000a\000n\000i\000n\000g\000\040\000a\000n\000d\000\040\000O\000r\000g\000a\000n\000i\000z\000a\000t\000i\000o\000n}{section.1}% 9
\BOOKMARK [2][-]{subsection.1.6}{\376\377\000R\000e\000l\000a\000t\000i\000o\000n\000s\000h\000i\000p\000\040\000A\000n\000a\000l\000y\000s\000i\000s}{section.1}% 10
\BOOKMARK [2][-]{subsection.1.7}{\376\377\000D\000o\000c\000u\000m\000e\000n\000t\000a\000t\000i\000o\000n\000\040\000a\000n\000d\000\040\000K\000n\000o\000w\000l\000e\000d\000g\000e\000\040\000T\000r\000a\000n\000s\000f\000e\000r}{section.1}% 11
\BOOKMARK [1][-]{section.2}{\376\377\000P\000R\000O\000J\000E\000C\000T\000\040\000O\000V\000E\000R\000V\000I\000E\000W}{}% 12
\BOOKMARK [2][-]{subsection.2.1}{\376\377\000P\000r\000o\000b\000l\000e\000m\000\040\000S\000t\000a\000t\000e\000m\000e\000n\000t}{section.2}% 13
\BOOKMARK [2][-]{subsection.2.2}{\376\377\000S\000y\000s\000t\000e\000m\000\040\000A\000r\000c\000h\000i\000t\000e\000c\000t\000u\000r\000e}{section.2}% 14
\BOOKMARK [2][-]{subsection.2.3}{\376\377\000R\000e\000s\000u\000l\000t\000s\000\040\000A\000c\000h\000i\000e\000v\000e\000d}{section.2}% 15
\BOOKMARK [1][-]{section.3}{\376\377\000T\000E\000A\000M\000\040\000C\000O\000N\000T\000R\000I\000B\000U\000T\000I\000O\000N\000S}{}% 16
\BOOKMARK [2][-]{subsection.3.1}{\376\377\000T\000e\000a\000m\000\040\000M\000e\000m\000b\000e\000r\000s\000\040\000a\000n\000d\000\040\000T\000h\000e\000i\000r\000\040\000R\000o\000l\000e\000s}{section.3}% 17
\BOOKMARK [2][-]{subsection.3.2}{\376\377\000C\000o\000l\000l\000a\000b\000o\000r\000a\000t\000i\000o\000n}{section.3}% 18
\BOOKMARK [1][-]{section.4}{\376\377\000L\000E\000A\000R\000N\000I\000N\000G\000\040\000O\000U\000T\000C\000O\000M\000E\000S}{}% 19
\BOOKMARK [1][-]{section.5}{\376\377\000C\000O\000N\000C\000L\000U\000S\000I\000O\000N}{}% 20
\BOOKMARK [1][-]{section.6}{\376\377\000R\000E\000F\000E\000R\000E\000N\000C\000E\000S}{}% 21
